{"/Users/liyuncheng/git_proj/stocksapi/index.js": {"path":"/Users/liyuncheng/git_proj/stocksapi/index.js","statementMap":{"0":{"start":{"line":1,"column":16},"end":{"line":1,"column":34}},"1":{"start":{"line":2,"column":13},"end":{"line":2,"column":28}},"2":{"start":{"line":3,"column":19},"end":{"line":3,"column":41}},"3":{"start":{"line":4,"column":13},"end":{"line":4,"column":28}},"4":{"start":{"line":5,"column":23},"end":{"line":5,"column":49}},"5":{"start":{"line":6,"column":24},"end":{"line":6,"column":45}},"6":{"start":{"line":7,"column":21},"end":{"line":7,"column":39}},"7":{"start":{"line":9,"column":12},"end":{"line":9,"column":21}},"8":{"start":{"line":10,"column":0},"end":{"line":12,"column":1}},"9":{"start":{"line":11,"column":2},"end":{"line":11,"column":29}},"10":{"start":{"line":13,"column":13},"end":{"line":13,"column":37}},"11":{"start":{"line":14,"column":18},"end":{"line":14,"column":67}},"12":{"start":{"line":16,"column":0},"end":{"line":16,"column":18}},"13":{"start":{"line":17,"column":0},"end":{"line":17,"column":24}},"14":{"start":{"line":19,"column":0},"end":{"line":23,"column":2}},"15":{"start":{"line":24,"column":0},"end":{"line":24,"column":27}},"16":{"start":{"line":25,"column":0},"end":{"line":25,"column":61}},"17":{"start":{"line":26,"column":0},"end":{"line":26,"column":51}},"18":{"start":{"line":27,"column":0},"end":{"line":27,"column":35}},"19":{"start":{"line":29,"column":0},"end":{"line":29,"column":40}},"20":{"start":{"line":30,"column":0},"end":{"line":30,"column":51}},"21":{"start":{"line":32,"column":0},"end":{"line":34,"column":3}},"22":{"start":{"line":33,"column":2},"end":{"line":33,"column":63}},"23":{"start":{"line":36,"column":15},"end":{"line":38,"column":1}},"24":{"start":{"line":37,"column":2},"end":{"line":37,"column":59}},"25":{"start":{"line":40,"column":0},"end":{"line":40,"column":24}}},"fnMap":{"0":{"name":"(anonymous_0)","decl":{"start":{"line":32,"column":13},"end":{"line":32,"column":14}},"loc":{"start":{"line":32,"column":27},"end":{"line":34,"column":1}},"line":32},"1":{"name":"(anonymous_1)","decl":{"start":{"line":36,"column":32},"end":{"line":36,"column":33}},"loc":{"start":{"line":37,"column":2},"end":{"line":37,"column":59}},"line":37}},"branchMap":{"0":{"loc":{"start":{"line":10,"column":0},"end":{"line":12,"column":1}},"type":"if","locations":[{"start":{"line":10,"column":0},"end":{"line":12,"column":1}},{"start":{"line":10,"column":0},"end":{"line":12,"column":1}}],"line":10},"1":{"loc":{"start":{"line":13,"column":13},"end":{"line":13,"column":37}},"type":"binary-expr","locations":[{"start":{"line":13,"column":13},"end":{"line":13,"column":29}},{"start":{"line":13,"column":33},"end":{"line":13,"column":37}}],"line":13},"2":{"loc":{"start":{"line":14,"column":18},"end":{"line":14,"column":67}},"type":"binary-expr","locations":[{"start":{"line":14,"column":18},"end":{"line":14,"column":39}},{"start":{"line":14,"column":43},"end":{"line":14,"column":67}}],"line":14}},"s":{"0":1,"1":1,"2":1,"3":1,"4":1,"5":1,"6":1,"7":1,"8":1,"9":1,"10":1,"11":1,"12":1,"13":1,"14":1,"15":1,"16":1,"17":1,"18":1,"19":1,"20":1,"21":1,"22":0,"23":1,"24":1,"25":1},"f":{"0":0,"1":1},"b":{"0":[1,0],"1":[1,1],"2":[1,1]},"_coverageSchema":"43e27e138ebf9cfc5966b082cf9a028302ed4184","hash":"9ebc81153c4daf0154459d088494466585bc0b74"}
,"/Users/liyuncheng/git_proj/stocksapi/config/dev.js": {"path":"/Users/liyuncheng/git_proj/stocksapi/config/dev.js","statementMap":{"0":{"start":{"line":1,"column":18},"end":{"line":6,"column":1}},"1":{"start":{"line":8,"column":0},"end":{"line":8,"column":27}}},"fnMap":{},"branchMap":{},"s":{"0":1,"1":1},"f":{},"b":{},"_coverageSchema":"43e27e138ebf9cfc5966b082cf9a028302ed4184","hash":"63d9beb063fdc58b3cd3235d9fa6a7981834a064"}
,"/Users/liyuncheng/git_proj/stocksapi/config/index.js": {"path":"/Users/liyuncheng/git_proj/stocksapi/config/index.js","statementMap":{"0":{"start":{"line":1,"column":14},"end":{"line":1,"column":37}},"1":{"start":{"line":2,"column":18},"end":{"line":2,"column":34}},"2":{"start":{"line":3,"column":19},"end":{"line":3,"column":36}},"3":{"start":{"line":5,"column":0},"end":{"line":5,"column":61}},"4":{"start":{"line":7,"column":12},"end":{"line":7,"column":32}},"5":{"start":{"line":9,"column":19},"end":{"line":11,"column":1}},"6":{"start":{"line":13,"column":16},"end":{"line":13,"column":18}},"7":{"start":{"line":15,"column":0},"end":{"line":28,"column":1}},"8":{"start":{"line":18,"column":4},"end":{"line":18,"column":26}},"9":{"start":{"line":19,"column":4},"end":{"line":19,"column":10}},"10":{"start":{"line":23,"column":4},"end":{"line":23,"column":27}},"11":{"start":{"line":24,"column":4},"end":{"line":24,"column":10}},"12":{"start":{"line":27,"column":4},"end":{"line":27,"column":26}},"13":{"start":{"line":30,"column":0},"end":{"line":30,"column":46}}},"fnMap":{},"branchMap":{"0":{"loc":{"start":{"line":5,"column":23},"end":{"line":5,"column":60}},"type":"binary-expr","locations":[{"start":{"line":5,"column":23},"end":{"line":5,"column":43}},{"start":{"line":5,"column":47},"end":{"line":5,"column":60}}],"line":5},"1":{"loc":{"start":{"line":15,"column":0},"end":{"line":28,"column":1}},"type":"switch","locations":[{"start":{"line":16,"column":2},"end":{"line":16,"column":21}},{"start":{"line":17,"column":2},"end":{"line":19,"column":10}},{"start":{"line":21,"column":2},"end":{"line":21,"column":20}},{"start":{"line":22,"column":2},"end":{"line":24,"column":10}},{"start":{"line":26,"column":2},"end":{"line":27,"column":26}}],"line":15}},"s":{"0":1,"1":1,"2":1,"3":1,"4":1,"5":1,"6":1,"7":1,"8":0,"9":0,"10":0,"11":0,"12":1,"13":1},"f":{},"b":{"0":[1,0],"1":[0,0,0,0,1]},"_coverageSchema":"43e27e138ebf9cfc5966b082cf9a028302ed4184","hash":"82cf39056271877a57531409467ac6a7c56c2956"}
,"/Users/liyuncheng/git_proj/stocksapi/config/prod.js": {"path":"/Users/liyuncheng/git_proj/stocksapi/config/prod.js","statementMap":{"0":{"start":{"line":1,"column":19},"end":{"line":6,"column":1}},"1":{"start":{"line":8,"column":0},"end":{"line":8,"column":28}}},"fnMap":{},"branchMap":{},"s":{"0":1,"1":1},"f":{},"b":{},"_coverageSchema":"43e27e138ebf9cfc5966b082cf9a028302ed4184","hash":"e9ad610c9f631ee7ef609d1d4ca5561c10a49e20"}
,"/Users/liyuncheng/git_proj/stocksapi/database/index.js": {"path":"/Users/liyuncheng/git_proj/stocksapi/database/index.js","statementMap":{"0":{"start":{"line":1,"column":17},"end":{"line":1,"column":36}},"1":{"start":{"line":2,"column":18},"end":{"line":2,"column":38}},"2":{"start":{"line":4,"column":24},"end":{"line":14,"column":1}},"3":{"start":{"line":5,"column":2},"end":{"line":13,"column":36}},"4":{"start":{"line":12,"column":16},"end":{"line":12,"column":44}},"5":{"start":{"line":13,"column":18},"end":{"line":13,"column":34}},"6":{"start":{"line":16,"column":0},"end":{"line":16,"column":33}}},"fnMap":{"0":{"name":"(anonymous_0)","decl":{"start":{"line":4,"column":24},"end":{"line":4,"column":25}},"loc":{"start":{"line":4,"column":48},"end":{"line":14,"column":1}},"line":4},"1":{"name":"(anonymous_1)","decl":{"start":{"line":12,"column":10},"end":{"line":12,"column":11}},"loc":{"start":{"line":12,"column":16},"end":{"line":12,"column":44}},"line":12},"2":{"name":"(anonymous_2)","decl":{"start":{"line":13,"column":11},"end":{"line":13,"column":12}},"loc":{"start":{"line":13,"column":18},"end":{"line":13,"column":34}},"line":13}},"branchMap":{"0":{"loc":{"start":{"line":4,"column":25},"end":{"line":4,"column":43}},"type":"default-arg","locations":[{"start":{"line":4,"column":34},"end":{"line":4,"column":43}}],"line":4}},"s":{"0":1,"1":1,"2":1,"3":1,"4":1,"5":0,"6":1},"f":{"0":1,"1":1,"2":0},"b":{"0":[1]},"_coverageSchema":"43e27e138ebf9cfc5966b082cf9a028302ed4184","hash":"0c621404a8ddda5311930fa11a9b2dd2a786663b"}
,"/Users/liyuncheng/git_proj/stocksapi/middlewares/jwt.js": {"path":"/Users/liyuncheng/git_proj/stocksapi/middlewares/jwt.js","statementMap":{"0":{"start":{"line":1,"column":12},"end":{"line":1,"column":35}},"1":{"start":{"line":2,"column":14},"end":{"line":2,"column":45}},"2":{"start":{"line":4,"column":22},"end":{"line":32,"column":1}},"3":{"start":{"line":5,"column":16},"end":{"line":5,"column":50}},"4":{"start":{"line":8,"column":2},"end":{"line":12,"column":3}},"5":{"start":{"line":9,"column":4},"end":{"line":11,"column":65}},"6":{"start":{"line":15,"column":2},"end":{"line":31,"column":5}},"7":{"start":{"line":16,"column":4},"end":{"line":16,"column":30}},"8":{"start":{"line":16,"column":13},"end":{"line":16,"column":30}},"9":{"start":{"line":17,"column":4},"end":{"line":21,"column":5}},"10":{"start":{"line":18,"column":6},"end":{"line":20,"column":66}},"11":{"start":{"line":23,"column":4},"end":{"line":30,"column":5}},"12":{"start":{"line":25,"column":23},"end":{"line":25,"column":63}},"13":{"start":{"line":26,"column":6},"end":{"line":26,"column":26}},"14":{"start":{"line":27,"column":6},"end":{"line":27,"column":13}},"15":{"start":{"line":29,"column":6},"end":{"line":29,"column":79}},"16":{"start":{"line":34,"column":0},"end":{"line":34,"column":31}}},"fnMap":{"0":{"name":"(anonymous_0)","decl":{"start":{"line":4,"column":22},"end":{"line":4,"column":23}},"loc":{"start":{"line":4,"column":48},"end":{"line":32,"column":1}},"line":4},"1":{"name":"(anonymous_1)","decl":{"start":{"line":15,"column":30},"end":{"line":15,"column":31}},"loc":{"start":{"line":15,"column":45},"end":{"line":31,"column":3}},"line":15}},"branchMap":{"0":{"loc":{"start":{"line":8,"column":2},"end":{"line":12,"column":3}},"type":"if","locations":[{"start":{"line":8,"column":2},"end":{"line":12,"column":3}},{"start":{"line":8,"column":2},"end":{"line":12,"column":3}}],"line":8},"1":{"loc":{"start":{"line":16,"column":4},"end":{"line":16,"column":30}},"type":"if","locations":[{"start":{"line":16,"column":4},"end":{"line":16,"column":30}},{"start":{"line":16,"column":4},"end":{"line":16,"column":30}}],"line":16},"2":{"loc":{"start":{"line":17,"column":4},"end":{"line":21,"column":5}},"type":"if","locations":[{"start":{"line":17,"column":4},"end":{"line":21,"column":5}},{"start":{"line":17,"column":4},"end":{"line":21,"column":5}}],"line":17}},"s":{"0":1,"1":1,"2":1,"3":1,"4":1,"5":1,"6":0,"7":0,"8":0,"9":0,"10":0,"11":0,"12":0,"13":0,"14":0,"15":0,"16":1},"f":{"0":1,"1":0},"b":{"0":[1,0],"1":[0,0],"2":[0,0]},"_coverageSchema":"43e27e138ebf9cfc5966b082cf9a028302ed4184","hash":"36e01ffa3476e4b27da4bb2b9ed5dce3bb33afca"}
,"/Users/liyuncheng/git_proj/stocksapi/models/stock.js": {"path":"/Users/liyuncheng/git_proj/stocksapi/models/stock.js","statementMap":{"0":{"start":{"line":1,"column":17},"end":{"line":1,"column":36}},"1":{"start":{"line":3,"column":19},"end":{"line":3,"column":27}},"2":{"start":{"line":5,"column":23},"end":{"line":16,"column":2}},"3":{"start":{"line":18,"column":0},"end":{"line":18,"column":65}}},"fnMap":{},"branchMap":{},"s":{"0":1,"1":1,"2":1,"3":1},"f":{},"b":{},"_coverageSchema":"43e27e138ebf9cfc5966b082cf9a028302ed4184","hash":"7fcfbb03f3c41d604bf0ac2a166c1c1d79577b60"}
,"/Users/liyuncheng/git_proj/stocksapi/models/user.js": {"path":"/Users/liyuncheng/git_proj/stocksapi/models/user.js","statementMap":{"0":{"start":{"line":1,"column":17},"end":{"line":1,"column":36}},"1":{"start":{"line":3,"column":19},"end":{"line":3,"column":27}},"2":{"start":{"line":5,"column":19},"end":{"line":26,"column":2}},"3":{"start":{"line":28,"column":0},"end":{"line":28,"column":52}}},"fnMap":{},"branchMap":{},"s":{"0":1,"1":1,"2":1,"3":1},"f":{},"b":{},"_coverageSchema":"43e27e138ebf9cfc5966b082cf9a028302ed4184","hash":"afc849fd61722e5dc833c6f4a32db7341704c367"}
,"/Users/liyuncheng/git_proj/stocksapi/redis/index.js": {"path":"/Users/liyuncheng/git_proj/stocksapi/redis/index.js","statementMap":{"0":{"start":{"line":1,"column":14},"end":{"line":1,"column":30}},"1":{"start":{"line":3,"column":21},"end":{"line":8,"column":1}},"2":{"start":{"line":4,"column":17},"end":{"line":4,"column":40}},"3":{"start":{"line":6,"column":2},"end":{"line":6,"column":68}},"4":{"start":{"line":6,"column":29},"end":{"line":6,"column":66}},"5":{"start":{"line":7,"column":2},"end":{"line":7,"column":63}},"6":{"start":{"line":7,"column":28},"end":{"line":7,"column":61}},"7":{"start":{"line":10,"column":0},"end":{"line":10,"column":30}}},"fnMap":{"0":{"name":"(anonymous_0)","decl":{"start":{"line":3,"column":21},"end":{"line":3,"column":22}},"loc":{"start":{"line":3,"column":28},"end":{"line":8,"column":1}},"line":3},"1":{"name":"(anonymous_1)","decl":{"start":{"line":6,"column":23},"end":{"line":6,"column":24}},"loc":{"start":{"line":6,"column":29},"end":{"line":6,"column":66}},"line":6},"2":{"name":"(anonymous_2)","decl":{"start":{"line":7,"column":21},"end":{"line":7,"column":22}},"loc":{"start":{"line":7,"column":28},"end":{"line":7,"column":61}},"line":7}},"branchMap":{},"s":{"0":1,"1":1,"2":1,"3":1,"4":1,"5":1,"6":0,"7":1},"f":{"0":1,"1":1,"2":0},"b":{},"_coverageSchema":"43e27e138ebf9cfc5966b082cf9a028302ed4184","hash":"ee000d3734941aef0f3fb232a1ce952794d4bf77"}
,"/Users/liyuncheng/git_proj/stocksapi/routes/index.js": {"path":"/Users/liyuncheng/git_proj/stocksapi/routes/index.js","statementMap":{"0":{"start":{"line":1,"column":16},"end":{"line":1,"column":34}},"1":{"start":{"line":2,"column":17},"end":{"line":2,"column":36}},"2":{"start":{"line":4,"column":15},"end":{"line":4,"column":31}},"3":{"start":{"line":5,"column":22},"end":{"line":5,"column":51}},"4":{"start":{"line":6,"column":15},"end":{"line":6,"column":41}},"5":{"start":{"line":8,"column":0},"end":{"line":14,"column":3}},"6":{"start":{"line":9,"column":2},"end":{"line":13,"column":3}},"7":{"start":{"line":10,"column":4},"end":{"line":10,"column":70}},"8":{"start":{"line":12,"column":4},"end":{"line":12,"column":54}},"9":{"start":{"line":16,"column":0},"end":{"line":39,"column":3}},"10":{"start":{"line":17,"column":2},"end":{"line":38,"column":3}},"11":{"start":{"line":18,"column":4},"end":{"line":18,"column":38}},"12":{"start":{"line":19,"column":20},"end":{"line":22,"column":6}},"13":{"start":{"line":23,"column":4},"end":{"line":27,"column":5}},"14":{"start":{"line":24,"column":6},"end":{"line":26,"column":61}},"15":{"start":{"line":28,"column":21},"end":{"line":31,"column":6}},"16":{"start":{"line":32,"column":4},"end":{"line":32,"column":26}},"17":{"start":{"line":33,"column":4},"end":{"line":35,"column":77}},"18":{"start":{"line":37,"column":4},"end":{"line":37,"column":72}},"19":{"start":{"line":41,"column":0},"end":{"line":65,"column":3}},"20":{"start":{"line":42,"column":2},"end":{"line":64,"column":3}},"21":{"start":{"line":43,"column":17},"end":{"line":45,"column":6}},"22":{"start":{"line":46,"column":4},"end":{"line":61,"column":5}},"23":{"start":{"line":47,"column":6},"end":{"line":60,"column":8}},"24":{"start":{"line":53,"column":10},"end":{"line":53,"column":40}},"25":{"start":{"line":53,"column":19},"end":{"line":53,"column":40}},"26":{"start":{"line":54,"column":10},"end":{"line":58,"column":13}},"27":{"start":{"line":55,"column":12},"end":{"line":57,"column":68}},"28":{"start":{"line":63,"column":4},"end":{"line":63,"column":74}},"29":{"start":{"line":67,"column":0},"end":{"line":67,"column":24}}},"fnMap":{"0":{"name":"(anonymous_0)","decl":{"start":{"line":8,"column":37},"end":{"line":8,"column":38}},"loc":{"start":{"line":8,"column":57},"end":{"line":14,"column":1}},"line":8},"1":{"name":"(anonymous_1)","decl":{"start":{"line":16,"column":47},"end":{"line":16,"column":48}},"loc":{"start":{"line":16,"column":67},"end":{"line":39,"column":1}},"line":16},"2":{"name":"(anonymous_2)","decl":{"start":{"line":41,"column":51},"end":{"line":41,"column":52}},"loc":{"start":{"line":41,"column":71},"end":{"line":65,"column":1}},"line":41},"3":{"name":"(anonymous_3)","decl":{"start":{"line":52,"column":8},"end":{"line":52,"column":9}},"loc":{"start":{"line":52,"column":24},"end":{"line":59,"column":9}},"line":52},"4":{"name":"(anonymous_4)","decl":{"start":{"line":54,"column":23},"end":{"line":54,"column":24}},"loc":{"start":{"line":54,"column":29},"end":{"line":58,"column":11}},"line":54}},"branchMap":{"0":{"loc":{"start":{"line":23,"column":4},"end":{"line":27,"column":5}},"type":"if","locations":[{"start":{"line":23,"column":4},"end":{"line":27,"column":5}},{"start":{"line":23,"column":4},"end":{"line":27,"column":5}}],"line":23},"1":{"loc":{"start":{"line":46,"column":4},"end":{"line":61,"column":5}},"type":"if","locations":[{"start":{"line":46,"column":4},"end":{"line":61,"column":5}},{"start":{"line":46,"column":4},"end":{"line":61,"column":5}}],"line":46},"2":{"loc":{"start":{"line":53,"column":10},"end":{"line":53,"column":40}},"type":"if","locations":[{"start":{"line":53,"column":10},"end":{"line":53,"column":40}},{"start":{"line":53,"column":10},"end":{"line":53,"column":40}}],"line":53}},"s":{"0":1,"1":1,"2":1,"3":1,"4":1,"5":1,"6":0,"7":0,"8":0,"9":1,"10":0,"11":0,"12":0,"13":0,"14":0,"15":0,"16":0,"17":0,"18":0,"19":1,"20":0,"21":0,"22":0,"23":0,"24":0,"25":0,"26":0,"27":0,"28":0,"29":1},"f":{"0":0,"1":0,"2":0,"3":0,"4":0},"b":{"0":[0,0],"1":[0,0],"2":[0,0]},"_coverageSchema":"43e27e138ebf9cfc5966b082cf9a028302ed4184","hash":"eda35b58e72f43125abd85c1ba2382520b7677ac"}
,"/Users/liyuncheng/git_proj/stocksapi/routes/user.js": {"path":"/Users/liyuncheng/git_proj/stocksapi/routes/user.js","statementMap":{"0":{"start":{"line":1,"column":16},"end":{"line":1,"column":34}},"1":{"start":{"line":3,"column":15},"end":{"line":3,"column":31}},"2":{"start":{"line":4,"column":15},"end":{"line":4,"column":34}},"3":{"start":{"line":5,"column":12},"end":{"line":5,"column":35}},"4":{"start":{"line":6,"column":14},"end":{"line":6,"column":45}},"5":{"start":{"line":7,"column":22},"end":{"line":7,"column":51}},"6":{"start":{"line":8,"column":13},"end":{"line":8,"column":38}},"7":{"start":{"line":11,"column":0},"end":{"line":43,"column":3}},"8":{"start":{"line":12,"column":2},"end":{"line":42,"column":3}},"9":{"start":{"line":13,"column":17},"end":{"line":13,"column":62}},"10":{"start":{"line":14,"column":4},"end":{"line":18,"column":5}},"11":{"start":{"line":15,"column":6},"end":{"line":17,"column":70}},"12":{"start":{"line":19,"column":21},"end":{"line":19,"column":75}},"13":{"start":{"line":20,"column":4},"end":{"line":24,"column":5}},"14":{"start":{"line":21,"column":6},"end":{"line":23,"column":70}},"15":{"start":{"line":25,"column":18},"end":{"line":35,"column":5}},"16":{"start":{"line":36,"column":4},"end":{"line":39,"column":59}},"17":{"start":{"line":41,"column":4},"end":{"line":41,"column":23}},"18":{"start":{"line":46,"column":0},"end":{"line":116,"column":3}},"19":{"start":{"line":47,"column":2},"end":{"line":115,"column":3}},"20":{"start":{"line":48,"column":55},"end":{"line":48,"column":63}},"21":{"start":{"line":49,"column":4},"end":{"line":53,"column":5}},"22":{"start":{"line":50,"column":6},"end":{"line":52,"column":73}},"23":{"start":{"line":55,"column":4},"end":{"line":59,"column":5}},"24":{"start":{"line":56,"column":6},"end":{"line":58,"column":63}},"25":{"start":{"line":61,"column":4},"end":{"line":65,"column":5}},"26":{"start":{"line":62,"column":6},"end":{"line":64,"column":62}},"27":{"start":{"line":67,"column":4},"end":{"line":71,"column":5}},"28":{"start":{"line":68,"column":6},"end":{"line":70,"column":78}},"29":{"start":{"line":73,"column":17},"end":{"line":73,"column":46}},"30":{"start":{"line":74,"column":4},"end":{"line":78,"column":5}},"31":{"start":{"line":75,"column":6},"end":{"line":77,"column":65}},"32":{"start":{"line":79,"column":20},"end":{"line":83,"column":6}},"33":{"start":{"line":85,"column":4},"end":{"line":112,"column":7}},"34":{"start":{"line":86,"column":6},"end":{"line":86,"column":41}},"35":{"start":{"line":86,"column":15},"end":{"line":86,"column":41}},"36":{"start":{"line":87,"column":6},"end":{"line":111,"column":9}},"37":{"start":{"line":88,"column":8},"end":{"line":88,"column":27}},"38":{"start":{"line":88,"column":17},"end":{"line":88,"column":27}},"39":{"start":{"line":89,"column":8},"end":{"line":89,"column":32}},"40":{"start":{"line":90,"column":8},"end":{"line":110,"column":42}},"41":{"start":{"line":93,"column":26},"end":{"line":103,"column":13}},"42":{"start":{"line":105,"column":12},"end":{"line":108,"column":68}},"43":{"start":{"line":110,"column":24},"end":{"line":110,"column":40}},"44":{"start":{"line":114,"column":4},"end":{"line":114,"column":67}},"45":{"start":{"line":119,"column":0},"end":{"line":134,"column":3}},"46":{"start":{"line":120,"column":2},"end":{"line":133,"column":3}},"47":{"start":{"line":121,"column":17},"end":{"line":121,"column":58}},"48":{"start":{"line":123,"column":4},"end":{"line":125,"column":5}},"49":{"start":{"line":124,"column":6},"end":{"line":124,"column":76}},"50":{"start":{"line":127,"column":4},"end":{"line":127,"column":60}},"51":{"start":{"line":128,"column":4},"end":{"line":130,"column":69}},"52":{"start":{"line":132,"column":4},"end":{"line":132,"column":74}},"53":{"start":{"line":136,"column":0},"end":{"line":136,"column":24}}},"fnMap":{"0":{"name":"(anonymous_0)","decl":{"start":{"line":11,"column":23},"end":{"line":11,"column":24}},"loc":{"start":{"line":11,"column":43},"end":{"line":43,"column":1}},"line":11},"1":{"name":"(anonymous_1)","decl":{"start":{"line":46,"column":25},"end":{"line":46,"column":26}},"loc":{"start":{"line":46,"column":45},"end":{"line":116,"column":1}},"line":46},"2":{"name":"(anonymous_2)","decl":{"start":{"line":85,"column":23},"end":{"line":85,"column":24}},"loc":{"start":{"line":85,"column":38},"end":{"line":112,"column":5}},"line":85},"3":{"name":"(anonymous_3)","decl":{"start":{"line":87,"column":42},"end":{"line":87,"column":43}},"loc":{"start":{"line":87,"column":57},"end":{"line":111,"column":7}},"line":87},"4":{"name":"(anonymous_4)","decl":{"start":{"line":92,"column":16},"end":{"line":92,"column":17}},"loc":{"start":{"line":92,"column":30},"end":{"line":109,"column":11}},"line":92},"5":{"name":"(anonymous_5)","decl":{"start":{"line":110,"column":17},"end":{"line":110,"column":18}},"loc":{"start":{"line":110,"column":24},"end":{"line":110,"column":40}},"line":110},"6":{"name":"(anonymous_6)","decl":{"start":{"line":119,"column":37},"end":{"line":119,"column":38}},"loc":{"start":{"line":119,"column":57},"end":{"line":134,"column":1}},"line":119}},"branchMap":{"0":{"loc":{"start":{"line":14,"column":4},"end":{"line":18,"column":5}},"type":"if","locations":[{"start":{"line":14,"column":4},"end":{"line":18,"column":5}},{"start":{"line":14,"column":4},"end":{"line":18,"column":5}}],"line":14},"1":{"loc":{"start":{"line":20,"column":4},"end":{"line":24,"column":5}},"type":"if","locations":[{"start":{"line":20,"column":4},"end":{"line":24,"column":5}},{"start":{"line":20,"column":4},"end":{"line":24,"column":5}}],"line":20},"2":{"loc":{"start":{"line":49,"column":4},"end":{"line":53,"column":5}},"type":"if","locations":[{"start":{"line":49,"column":4},"end":{"line":53,"column":5}},{"start":{"line":49,"column":4},"end":{"line":53,"column":5}}],"line":49},"3":{"loc":{"start":{"line":49,"column":8},"end":{"line":49,"column":56}},"type":"binary-expr","locations":[{"start":{"line":49,"column":8},"end":{"line":49,"column":13}},{"start":{"line":49,"column":17},"end":{"line":49,"column":23}},{"start":{"line":49,"column":27},"end":{"line":49,"column":36}},{"start":{"line":49,"column":40},"end":{"line":49,"column":56}}],"line":49},"4":{"loc":{"start":{"line":55,"column":4},"end":{"line":59,"column":5}},"type":"if","locations":[{"start":{"line":55,"column":4},"end":{"line":59,"column":5}},{"start":{"line":55,"column":4},"end":{"line":59,"column":5}}],"line":55},"5":{"loc":{"start":{"line":61,"column":4},"end":{"line":65,"column":5}},"type":"if","locations":[{"start":{"line":61,"column":4},"end":{"line":65,"column":5}},{"start":{"line":61,"column":4},"end":{"line":65,"column":5}}],"line":61},"6":{"loc":{"start":{"line":67,"column":4},"end":{"line":71,"column":5}},"type":"if","locations":[{"start":{"line":67,"column":4},"end":{"line":71,"column":5}},{"start":{"line":67,"column":4},"end":{"line":71,"column":5}}],"line":67},"7":{"loc":{"start":{"line":74,"column":4},"end":{"line":78,"column":5}},"type":"if","locations":[{"start":{"line":74,"column":4},"end":{"line":78,"column":5}},{"start":{"line":74,"column":4},"end":{"line":78,"column":5}}],"line":74},"8":{"loc":{"start":{"line":86,"column":6},"end":{"line":86,"column":41}},"type":"if","locations":[{"start":{"line":86,"column":6},"end":{"line":86,"column":41}},{"start":{"line":86,"column":6},"end":{"line":86,"column":41}}],"line":86},"9":{"loc":{"start":{"line":88,"column":8},"end":{"line":88,"column":27}},"type":"if","locations":[{"start":{"line":88,"column":8},"end":{"line":88,"column":27}},{"start":{"line":88,"column":8},"end":{"line":88,"column":27}}],"line":88},"10":{"loc":{"start":{"line":123,"column":4},"end":{"line":125,"column":5}},"type":"if","locations":[{"start":{"line":123,"column":4},"end":{"line":125,"column":5}},{"start":{"line":123,"column":4},"end":{"line":125,"column":5}}],"line":123}},"s":{"0":1,"1":1,"2":1,"3":1,"4":1,"5":1,"6":1,"7":1,"8":3,"9":3,"10":3,"11":1,"12":2,"13":2,"14":1,"15":1,"16":1,"17":0,"18":1,"19":6,"20":6,"21":6,"22":1,"23":5,"24":1,"25":4,"26":1,"27":3,"28":1,"29":2,"30":2,"31":1,"32":1,"33":1,"34":1,"35":0,"36":1,"37":1,"38":0,"39":1,"40":1,"41":1,"42":1,"43":0,"44":0,"45":1,"46":0,"47":0,"48":0,"49":0,"50":0,"51":0,"52":0,"53":1},"f":{"0":3,"1":6,"2":1,"3":1,"4":1,"5":0,"6":0},"b":{"0":[1,2],"1":[1,1],"2":[1,5],"3":[6,5,5,5],"4":[1,4],"5":[1,3],"6":[1,2],"7":[1,1],"8":[0,1],"9":[0,1],"10":[0,0]},"_coverageSchema":"43e27e138ebf9cfc5966b082cf9a028302ed4184","hash":"466ed82707c1fbb95be54633b0dd2bbf9b260ea5"}
}
