TN:
SF:/Users/liyuncheng/git_proj/stocksapi/index.js
FN:32,(anonymous_0)
FN:36,(anonymous_1)
FNF:2
FNH:1
FNDA:0,(anonymous_0)
FNDA:1,(anonymous_1)
DA:1,1
DA:2,1
DA:3,1
DA:4,1
DA:5,1
DA:6,1
DA:7,1
DA:9,1
DA:10,1
DA:11,1
DA:13,1
DA:14,1
DA:16,1
DA:17,1
DA:19,1
DA:24,1
DA:25,1
DA:26,1
DA:27,1
DA:29,1
DA:30,1
DA:32,1
DA:33,0
DA:36,1
DA:37,1
DA:40,1
LF:26
LH:25
BRDA:10,0,0,1
BRDA:10,0,1,0
BRDA:13,1,0,1
BRDA:13,1,1,1
BRDA:14,2,0,1
BRDA:14,2,1,1
BRF:6
BRH:5
end_of_record
TN:
SF:/Users/liyuncheng/git_proj/stocksapi/config/dev.js
FNF:0
FNH:0
DA:1,1
DA:8,1
LF:2
LH:2
BRF:0
BRH:0
end_of_record
TN:
SF:/Users/liyuncheng/git_proj/stocksapi/config/index.js
FNF:0
FNH:0
DA:1,1
DA:2,1
DA:3,1
DA:5,1
DA:7,1
DA:9,1
DA:13,1
DA:15,1
DA:18,0
DA:19,0
DA:23,0
DA:24,0
DA:27,1
DA:30,1
LF:14
LH:10
BRDA:5,0,0,1
BRDA:5,0,1,0
BRDA:15,1,0,0
BRDA:15,1,1,0
BRDA:15,1,2,0
BRDA:15,1,3,0
BRDA:15,1,4,1
BRF:7
BRH:2
end_of_record
TN:
SF:/Users/liyuncheng/git_proj/stocksapi/config/prod.js
FNF:0
FNH:0
DA:1,1
DA:8,1
LF:2
LH:2
BRF:0
BRH:0
end_of_record
TN:
SF:/Users/liyuncheng/git_proj/stocksapi/database/index.js
FN:4,(anonymous_0)
FN:12,(anonymous_1)
FN:13,(anonymous_2)
FNF:3
FNH:2
FNDA:1,(anonymous_0)
FNDA:1,(anonymous_1)
FNDA:0,(anonymous_2)
DA:1,1
DA:2,1
DA:4,1
DA:5,1
DA:12,1
DA:13,0
DA:16,1
LF:7
LH:6
BRDA:4,0,0,1
BRF:1
BRH:1
end_of_record
TN:
SF:/Users/liyuncheng/git_proj/stocksapi/middlewares/jwt.js
FN:4,(anonymous_0)
FN:15,(anonymous_1)
FNF:2
FNH:1
FNDA:1,(anonymous_0)
FNDA:0,(anonymous_1)
DA:1,1
DA:2,1
DA:4,1
DA:5,1
DA:8,1
DA:9,1
DA:15,0
DA:16,0
DA:17,0
DA:18,0
DA:23,0
DA:25,0
DA:26,0
DA:27,0
DA:29,0
DA:34,1
LF:16
LH:7
BRDA:8,0,0,1
BRDA:8,0,1,0
BRDA:16,1,0,0
BRDA:16,1,1,0
BRDA:17,2,0,0
BRDA:17,2,1,0
BRF:6
BRH:1
end_of_record
TN:
SF:/Users/liyuncheng/git_proj/stocksapi/models/stock.js
FNF:0
FNH:0
DA:1,1
DA:3,1
DA:5,1
DA:18,1
LF:4
LH:4
BRF:0
BRH:0
end_of_record
TN:
SF:/Users/liyuncheng/git_proj/stocksapi/models/user.js
FNF:0
FNH:0
DA:1,1
DA:3,1
DA:5,1
DA:28,1
LF:4
LH:4
BRF:0
BRH:0
end_of_record
TN:
SF:/Users/liyuncheng/git_proj/stocksapi/redis/index.js
FN:3,(anonymous_0)
FN:6,(anonymous_1)
FN:7,(anonymous_2)
FNF:3
FNH:2
FNDA:1,(anonymous_0)
FNDA:1,(anonymous_1)
FNDA:0,(anonymous_2)
DA:1,1
DA:3,1
DA:4,1
DA:6,1
DA:7,1
DA:10,1
LF:6
LH:6
BRF:0
BRH:0
end_of_record
TN:
SF:/Users/liyuncheng/git_proj/stocksapi/routes/index.js
FN:8,(anonymous_0)
FN:16,(anonymous_1)
FN:41,(anonymous_2)
FN:52,(anonymous_3)
FN:54,(anonymous_4)
FNF:5
FNH:0
FNDA:0,(anonymous_0)
FNDA:0,(anonymous_1)
FNDA:0,(anonymous_2)
FNDA:0,(anonymous_3)
FNDA:0,(anonymous_4)
DA:1,1
DA:2,1
DA:4,1
DA:5,1
DA:6,1
DA:8,1
DA:9,0
DA:10,0
DA:12,0
DA:16,1
DA:17,0
DA:18,0
DA:19,0
DA:23,0
DA:24,0
DA:28,0
DA:32,0
DA:33,0
DA:37,0
DA:41,1
DA:42,0
DA:43,0
DA:46,0
DA:47,0
DA:53,0
DA:54,0
DA:55,0
DA:63,0
DA:67,1
LF:29
LH:9
BRDA:23,0,0,0
BRDA:23,0,1,0
BRDA:46,1,0,0
BRDA:46,1,1,0
BRDA:53,2,0,0
BRDA:53,2,1,0
BRF:6
BRH:0
end_of_record
TN:
SF:/Users/liyuncheng/git_proj/stocksapi/routes/user.js
FN:11,(anonymous_0)
FN:46,(anonymous_1)
FN:85,(anonymous_2)
FN:87,(anonymous_3)
FN:92,(anonymous_4)
FN:110,(anonymous_5)
FN:119,(anonymous_6)
FNF:7
FNH:5
FNDA:3,(anonymous_0)
FNDA:6,(anonymous_1)
FNDA:1,(anonymous_2)
FNDA:1,(anonymous_3)
FNDA:1,(anonymous_4)
FNDA:0,(anonymous_5)
FNDA:0,(anonymous_6)
DA:1,1
DA:3,1
DA:4,1
DA:5,1
DA:6,1
DA:7,1
DA:8,1
DA:11,1
DA:12,3
DA:13,3
DA:14,3
DA:15,1
DA:19,2
DA:20,2
DA:21,1
DA:25,1
DA:36,1
DA:41,0
DA:46,1
DA:47,6
DA:48,6
DA:49,6
DA:50,1
DA:55,5
DA:56,1
DA:61,4
DA:62,1
DA:67,3
DA:68,1
DA:73,2
DA:74,2
DA:75,1
DA:79,1
DA:85,1
DA:86,1
DA:87,1
DA:88,1
DA:89,1
DA:90,1
DA:93,1
DA:105,1
DA:110,0
DA:114,0
DA:119,1
DA:120,0
DA:121,0
DA:123,0
DA:124,0
DA:127,0
DA:128,0
DA:132,0
DA:136,1
LF:52
LH:42
BRDA:14,0,0,1
BRDA:14,0,1,2
BRDA:20,1,0,1
BRDA:20,1,1,1
BRDA:49,2,0,1
BRDA:49,2,1,5
BRDA:49,3,0,6
BRDA:49,3,1,5
BRDA:49,3,2,5
BRDA:49,3,3,5
BRDA:55,4,0,1
BRDA:55,4,1,4
BRDA:61,5,0,1
BRDA:61,5,1,3
BRDA:67,6,0,1
BRDA:67,6,1,2
BRDA:74,7,0,1
BRDA:74,7,1,1
BRDA:86,8,0,0
BRDA:86,8,1,1
BRDA:88,9,0,0
BRDA:88,9,1,1
BRDA:123,10,0,0
BRDA:123,10,1,0
BRF:24
BRH:20
end_of_record
